# JRE version: Java(TM) SE Runtime Environment (8.0_201-b09) (build 1.8.0_201-b09)
# Java VM: Java HotSpot(TM) 64-Bit Server VM (25.201-b09 mixed mode linux-amd64 compressed oops)
Heap:
 PSYoungGen      total 318464K, used 13817K [0x00000000d7980000, 0x00000000ec000000, 0x0000000100000000)
  eden space 304640K, 0% used [0x00000000d7980000,0x00000000d7980000,0x00000000ea300000)
  from space 13824K, 99% used [0x00000000ea300000,0x00000000eb07e498,0x00000000eb080000)
  to   space 12288K, 0% used [0x00000000eb080000,0x00000000eb080000,0x00000000ebc80000)
 ParOldGen       total 56320K, used 29721K [0x0000000086c00000, 0x000000008a300000, 0x00000000d7980000)
  object space 56320K, 52% used [0x0000000086c00000,0x00000000889067d0,0x000000008a300000)
 Metaspace       used 57547K, capacity 59746K, committed 60080K, reserved 1101824K
  class space    used 7924K, capacity 8326K, committed 8448K, reserved 1048576K
GC Heap History (10 events):
Event: 46.475 GC heap after
Heap after GC invocations=10 (full 1):
 PSYoungGen      total 131584K, used 8687K [0x00000000d7980000, 0x00000000e4e00000, 0x0000000100000000)
  eden space 122880K, 0% used [0x00000000d7980000,0x00000000d7980000,0x00000000df180000)
  from space 8704K, 99% used [0x00000000df180000,0x00000000df9fbff8,0x00000000dfa00000)
  to   space 11264K, 0% used [0x00000000e4300000,0x00000000e4300000,0x00000000e4e00000)
 ParOldGen       total 39936K, used 8542K [0x0000000086c00000, 0x0000000089300000, 0x00000000d7980000)
  object space 39936K, 21% used [0x0000000086c00000,0x0000000087457958,0x0000000089300000)
 Metaspace       used 30271K, capacity 31718K, committed 32000K, reserved 1077248K
  class space    used 4012K, capacity 4314K, committed 4352K, reserved 1048576K
}
Event: 49.973 GC heap before
{Heap before GC invocations=11 (full 1):
 PSYoungGen      total 131584K, used 131567K [0x00000000d7980000, 0x00000000e4e00000, 0x0000000100000000)
  eden space 122880K, 100% used [0x00000000d7980000,0x00000000df180000,0x00000000df180000)
  from space 8704K, 99% used [0x00000000df180000,0x00000000df9fbff8,0x00000000dfa00000)
  to   space 11264K, 0% used [0x00000000e4300000,0x00000000e4300000,0x00000000e4e00000)
 ParOldGen       total 39936K, used 8542K [0x0000000086c00000, 0x0000000089300000, 0x00000000d7980000)
  object space 39936K, 21% used [0x0000000086c00000,0x0000000087457958,0x0000000089300000)
 Metaspace       used 31836K, capacity 33372K, committed 33536K, reserved 1079296K
  class space    used 4213K, capacity 4513K, committed 4608K, reserved 1048576K
Event: 49.980 GC heap after
Heap after GC invocations=11 (full 1):
 PSYoungGen      total 205312K, used 9147K [0x00000000d7980000, 0x00000000e4f80000, 0x0000000100000000)
  eden space 194048K, 0% used [0x00000000d7980000,0x00000000d7980000,0x00000000e3700000)
  from space 11264K, 81% used [0x00000000e4300000,0x00000000e4beef58,0x00000000e4e00000)
  to   space 12288K, 0% used [0x00000000e3700000,0x00000000e3700000,0x00000000e4300000)
 ParOldGen       total 39936K, used 8550K [0x0000000086c00000, 0x0000000089300000, 0x00000000d7980000)
  object space 39936K, 21% used [0x0000000086c00000,0x0000000087459958,0x0000000089300000)
 Metaspace       used 31836K, capacity 33372K, committed 33536K, reserved 1079296K
  class space    used 4213K, capacity 4513K, committed 4608K, reserved 1048576K
}
Event: 53.654 GC heap before
{Heap before GC invocations=12 (full 1):
 PSYoungGen      total 205312K, used 128734K [0x00000000d7980000, 0x00000000e4f80000, 0x0000000100000000)
  eden space 194048K, 61% used [0x00000000d7980000,0x00000000dee48a40,0x00000000e3700000)
  from space 11264K, 81% used [0x00000000e4300000,0x00000000e4beef58,0x00000000e4e00000)
  to   space 12288K, 0% used [0x00000000e3700000,0x00000000e3700000,0x00000000e4300000)
 ParOldGen       total 39936K, used 8550K [0x0000000086c00000, 0x0000000089300000, 0x00000000d7980000)
  object space 39936K, 21% used [0x0000000086c00000,0x0000000087459958,0x0000000089300000)
 Metaspace       used 34293K, capacity 35932K, committed 36048K, reserved 1081344K
  class space    used 4581K, capacity 4901K, committed 4992K, reserved 1048576K
Event: 53.665 GC heap after
Heap after GC invocations=12 (full 1):
 PSYoungGen      total 206336K, used 8298K [0x00000000d7980000, 0x00000000ebc80000, 0x0000000100000000)
  eden space 194048K, 0% used [0x00000000d7980000,0x00000000d7980000,0x00000000e3700000)
  from space 12288K, 67% used [0x00000000e3700000,0x00000000e3f1a8c0,0x00000000e4300000)
  to   space 12288K, 0% used [0x00000000eb080000,0x00000000eb080000,0x00000000ebc80000)
 ParOldGen       total 39936K, used 14136K [0x0000000086c00000, 0x0000000089300000, 0x00000000d7980000)
  object space 39936K, 35% used [0x0000000086c00000,0x00000000879ce188,0x0000000089300000)
 Metaspace       used 34293K, capacity 35932K, committed 36048K, reserved 1081344K
  class space    used 4581K, capacity 4901K, committed 4992K, reserved 1048576K
}
Event: 53.665 GC heap before
{Heap before GC invocations=13 (full 2):
 PSYoungGen      total 206336K, used 8298K [0x00000000d7980000, 0x00000000ebc80000, 0x0000000100000000)
  eden space 194048K, 0% used [0x00000000d7980000,0x00000000d7980000,0x00000000e3700000)
  from space 12288K, 67% used [0x00000000e3700000,0x00000000e3f1a8c0,0x00000000e4300000)
  to   space 12288K, 0% used [0x00000000eb080000,0x00000000eb080000,0x00000000ebc80000)
 ParOldGen       total 39936K, used 14136K [0x0000000086c00000, 0x0000000089300000, 0x00000000d7980000)
  object space 39936K, 35% used [0x0000000086c00000,0x00000000879ce188,0x0000000089300000)
 Metaspace       used 34293K, capacity 35932K, committed 36048K, reserved 1081344K
  class space    used 4581K, capacity 4901K, committed 4992K, reserved 1048576K
Event: 53.724 GC heap after
Heap after GC invocations=13 (full 2):
 PSYoungGen      total 206336K, used 0K [0x00000000d7980000, 0x00000000ebc80000, 0x0000000100000000)
  eden space 194048K, 0% used [0x00000000d7980000,0x00000000d7980000,0x00000000e3700000)
  from space 12288K, 0% used [0x00000000e3700000,0x00000000e3700000,0x00000000e4300000)
  to   space 12288K, 0% used [0x00000000eb080000,0x00000000eb080000,0x00000000ebc80000)
 ParOldGen       total 56320K, used 18314K [0x0000000086c00000, 0x000000008a300000, 0x00000000d7980000)
  object space 56320K, 32% used [0x0000000086c00000,0x0000000087de29d0,0x000000008a300000)
 Metaspace       used 34293K, capacity 35932K, committed 36048K, reserved 1081344K
  class space    used 4581K, capacity 4901K, committed 4992K, reserved 1048576K
}
Event: 57.032 GC heap before
{Heap before GC invocations=14 (full 2):
 PSYoungGen      total 206336K, used 194048K [0x00000000d7980000, 0x00000000ebc80000, 0x0000000100000000)
  eden space 194048K, 100% used [0x00000000d7980000,0x00000000e3700000,0x00000000e3700000)
  from space 12288K, 0% used [0x00000000e3700000,0x00000000e3700000,0x00000000e4300000)
  to   space 12288K, 0% used [0x00000000eb080000,0x00000000eb080000,0x00000000ebc80000)
 ParOldGen       total 56320K, used 18314K [0x0000000086c00000, 0x000000008a300000, 0x00000000d7980000)
  object space 56320K, 32% used [0x0000000086c00000,0x0000000087de29d0,0x000000008a300000)
 Metaspace       used 41829K, capacity 43872K, committed 44160K, reserved 1087488K
  class space    used 5520K, capacity 5917K, committed 6016K, reserved 1048576K
Event: 57.089 GC heap after
Heap after GC invocations=14 (full 2):
 PSYoungGen      total 316928K, used 11943K [0x00000000d7980000, 0x00000000ec000000, 0x0000000100000000)
  eden space 304640K, 0% used [0x00000000d7980000,0x00000000d7980000,0x00000000ea300000)
  from space 12288K, 97% used [0x00000000eb080000,0x00000000ebc29f18,0x00000000ebc80000)
  to   space 13824K, 0% used [0x00000000ea300000,0x00000000ea300000,0x00000000eb080000)
 ParOldGen       total 56320K, used 18322K [0x0000000086c00000, 0x000000008a300000, 0x00000000d7980000)
  object space 56320K, 32% used [0x0000000086c00000,0x0000000087de49d0,0x000000008a300000)
 Metaspace       used 41829K, capacity 43872K, committed 44160K, reserved 1087488K
  class space    used 5520K, capacity 5917K, committed 6016K, reserved 1048576K
}
Event: 257.055 GC heap before
{Heap before GC invocations=15 (full 2):
 PSYoungGen      total 316928K, used 179864K [0x00000000d7980000, 0x00000000ec000000, 0x0000000100000000)
  eden space 304640K, 55% used [0x00000000d7980000,0x00000000e1d7c1a8,0x00000000ea300000)
  from space 12288K, 97% used [0x00000000eb080000,0x00000000ebc29f18,0x00000000ebc80000)
  to   space 13824K, 0% used [0x00000000ea300000,0x00000000ea300000,0x00000000eb080000)
 ParOldGen       total 56320K, used 18322K [0x0000000086c00000, 0x000000008a300000, 0x00000000d7980000)
  object space 56320K, 32% used [0x0000000086c00000,0x0000000087de49d0,0x000000008a300000)
 Metaspace       used 57547K, capacity 59746K, committed 60080K, reserved 1101824K
  class space    used 7924K, capacity 8326K, committed 8448K, reserved 1048576K

